<?xml version="1.0" encoding="UTF-8"?>
<!-- Generated by org.testng.reporters.JUnitReportReporter -->
<testsuite skipped="0" hostname="Sathya" name="com.systech.tradewinds.sdms.Test.DriverMasterTest" tests="7" failures="0" timestamp="24 Jul 2020 10:18:18 GMT" time="4037.718" errors="0">
  <testcase name="insertDriverMaster" time="4013.566" classname="com.systech.tradewinds.sdms.Test.DriverMasterTest"/>
  <testcase name="insertDriverMaster" time="4.014" classname="com.systech.tradewinds.sdms.Test.DriverMasterTest"/>
  <testcase name="insertDriverMaster" time="4.010" classname="com.systech.tradewinds.sdms.Test.DriverMasterTest"/>
  <testcase name="insertDriverMaster" time="4.092" classname="com.systech.tradewinds.sdms.Test.DriverMasterTest"/>
  <testcase name="insertDriverMaster" time="4.018" classname="com.systech.tradewinds.sdms.Test.DriverMasterTest"/>
  <testcase name="insertDriverMaster" time="4.014" classname="com.systech.tradewinds.sdms.Test.DriverMasterTest"/>
  <testcase name="insertDriverMaster" time="4.004" classname="com.systech.tradewinds.sdms.Test.DriverMasterTest"/>
</testsuite> <!-- com.systech.tradewinds.sdms.Test.DriverMasterTest -->
