<?xml version="1.0" encoding="UTF-8"?>
<!-- Generated by org.testng.reporters.JUnitReportReporter -->
<testsuite skipped="1" hostname="Sathya" name="com.systech.tradewinds.sdms.Test.TermsAndConditionTest" tests="1" failures="0" timestamp="29 May 2020 07:30:30 GMT" time="0.000" errors="0">
  <testcase name="insertTermsMaster" time="0.000" classname="com.systech.tradewinds.sdms.Test.TermsAndConditionTest">
    <skipped/>
  </testcase> <!-- insertTermsMaster -->
</testsuite> <!-- com.systech.tradewinds.sdms.Test.TermsAndConditionTest -->
