<?xml version="1.0" encoding="UTF-8"?>
<!-- Generated by org.testng.reporters.JUnitReportReporter -->
<testsuite skipped="0" hostname="Sathya" name="com.systech.tradewinds.sdms.Test.MakecatmasterTest" tests="6" failures="0" timestamp="04 May 2020 15:32:43 GMT" time="126.195" errors="0">
  <testcase name="insertMakecatMaster" time="20.874" classname="com.systech.tradewinds.sdms.Test.MakecatmasterTest"/>
  <testcase name="insertMakecatMaster" time="20.921" classname="com.systech.tradewinds.sdms.Test.MakecatmasterTest"/>
  <testcase name="insertMakecatMaster" time="20.924" classname="com.systech.tradewinds.sdms.Test.MakecatmasterTest"/>
  <testcase name="insertMakecatMaster" time="21.529" classname="com.systech.tradewinds.sdms.Test.MakecatmasterTest"/>
  <testcase name="insertMakecatMaster" time="20.988" classname="com.systech.tradewinds.sdms.Test.MakecatmasterTest"/>
  <testcase name="insertMakecatMaster" time="20.959" classname="com.systech.tradewinds.sdms.Test.MakecatmasterTest"/>
</testsuite> <!-- com.systech.tradewinds.sdms.Test.MakecatmasterTest -->
