<?xml version="1.0" encoding="UTF-8"?>
<!-- Generated by org.testng.reporters.JUnitReportReporter -->
<testsuite skipped="0" hostname="Sathya" name="com.systech.tradewinds.sdms.Test.VehicleMasterTest" tests="10" failures="0" timestamp="25 Jul 2020 20:30:54 GMT" time="41.800" errors="0">
  <testcase name="insertVehicleMaster" time="3.859" classname="com.systech.tradewinds.sdms.Test.VehicleMasterTest"/>
  <testcase name="insertVehicleMaster" time="4.240" classname="com.systech.tradewinds.sdms.Test.VehicleMasterTest"/>
  <testcase name="insertVehicleMaster" time="3.811" classname="com.systech.tradewinds.sdms.Test.VehicleMasterTest"/>
  <testcase name="insertVehicleMaster" time="3.602" classname="com.systech.tradewinds.sdms.Test.VehicleMasterTest"/>
  <testcase name="insertVehicleMaster" time="4.190" classname="com.systech.tradewinds.sdms.Test.VehicleMasterTest"/>
  <testcase name="insertVehicleMaster" time="3.841" classname="com.systech.tradewinds.sdms.Test.VehicleMasterTest"/>
  <testcase name="insertVehicleMaster" time="6.245" classname="com.systech.tradewinds.sdms.Test.VehicleMasterTest"/>
  <testcase name="insertVehicleMaster" time="4.095" classname="com.systech.tradewinds.sdms.Test.VehicleMasterTest"/>
  <testcase name="insertVehicleMaster" time="4.121" classname="com.systech.tradewinds.sdms.Test.VehicleMasterTest"/>
  <testcase name="insertVehicleMaster" time="3.796" classname="com.systech.tradewinds.sdms.Test.VehicleMasterTest"/>
</testsuite> <!-- com.systech.tradewinds.sdms.Test.VehicleMasterTest -->
