<?xml version="1.0" encoding="UTF-8"?>
<!-- Generated by org.testng.reporters.JUnitReportReporter -->
<testsuite skipped="0" hostname="Sathya" name="com.systech.tradewinds.sdms.Test.LogoutTest" tests="1" failures="0" timestamp="10 Feb 2021 16:00:06 GMT" time="4.954" errors="0">
  <testcase name="logout" time="4.954" classname="com.systech.tradewinds.sdms.Test.LogoutTest"/>
</testsuite> <!-- com.systech.tradewinds.sdms.Test.LogoutTest -->
