<?xml version="1.0" encoding="UTF-8"?>
<!-- Generated by org.testng.reporters.JUnitReportReporter -->
<testsuite skipped="0" hostname="Sathya" name="com.systech.tradewinds.sdms.Test.LogoutTest" tests="1" failures="0" timestamp="04 May 2020 19:55:44 GMT" time="4.115" errors="0">
  <testcase name="logout" time="4.115" classname="com.systech.tradewinds.sdms.Test.LogoutTest"/>
</testsuite> <!-- com.systech.tradewinds.sdms.Test.LogoutTest -->
