<?xml version="1.0" encoding="UTF-8"?>
<!-- Generated by org.testng.reporters.JUnitReportReporter -->
<testsuite skipped="0" hostname="Sathya" name="com.systech.tradewinds.sdms.pageobject.UserCreationTest" tests="7" failures="0" timestamp="04 Jul 2020 11:06:23 GMT" time="200.247" errors="0">
  <testcase name="insertUsercreation" time="28.557" classname="com.systech.tradewinds.sdms.pageobject.UserCreationTest"/>
  <testcase name="insertUsercreation" time="28.447" classname="com.systech.tradewinds.sdms.pageobject.UserCreationTest"/>
  <testcase name="insertUsercreation" time="28.819" classname="com.systech.tradewinds.sdms.pageobject.UserCreationTest"/>
  <testcase name="insertUsercreation" time="28.598" classname="com.systech.tradewinds.sdms.pageobject.UserCreationTest"/>
  <testcase name="insertUsercreation" time="28.664" classname="com.systech.tradewinds.sdms.pageobject.UserCreationTest"/>
  <testcase name="insertUsercreation" time="28.575" classname="com.systech.tradewinds.sdms.pageobject.UserCreationTest"/>
  <testcase name="insertUsercreation" time="28.587" classname="com.systech.tradewinds.sdms.pageobject.UserCreationTest"/>
</testsuite> <!-- com.systech.tradewinds.sdms.pageobject.UserCreationTest -->
