<?xml version="1.0" encoding="UTF-8"?>
<!-- Generated by org.testng.reporters.JUnitReportReporter -->
<testsuite skipped="0" hostname="Sathya" name="com.systech.tradewinds.sdms.Test.LoginTest" tests="1" failures="0" timestamp="10 Feb 2021 16:01:16 GMT" time="0.856" errors="0">
  <testcase name="login" time="0.856" classname="com.systech.tradewinds.sdms.Test.LoginTest"/>
</testsuite> <!-- com.systech.tradewinds.sdms.Test.LoginTest -->
