<?xml version="1.0" encoding="UTF-8"?>
<!-- Generated by org.testng.reporters.JUnitReportReporter -->
<testsuite skipped="0" hostname="Sathya" name="com.systech.tradewinds.sdms.Test.DivisionmasterTest" tests="5" failures="0" timestamp="01 Jul 2020 16:05:42 GMT" time="4.459" errors="0">
  <testcase name="insertDivisionMaster" time="0.861" classname="com.systech.tradewinds.sdms.Test.DivisionmasterTest"/>
  <testcase name="insertDivisionMaster" time="1.258" classname="com.systech.tradewinds.sdms.Test.DivisionmasterTest"/>
  <testcase name="insertDivisionMaster" time="0.754" classname="com.systech.tradewinds.sdms.Test.DivisionmasterTest"/>
  <testcase name="insertDivisionMaster" time="0.882" classname="com.systech.tradewinds.sdms.Test.DivisionmasterTest"/>
  <testcase name="insertDivisionMaster" time="0.704" classname="com.systech.tradewinds.sdms.Test.DivisionmasterTest"/>
</testsuite> <!-- com.systech.tradewinds.sdms.Test.DivisionmasterTest -->
