<?xml version="1.0" encoding="UTF-8"?>
<!-- Generated by org.testng.reporters.JUnitReportReporter -->
<testsuite skipped="0" hostname="Sathya" name="com.systech.tradewinds.sdms.Test.BankmasterTest" tests="9" failures="0" timestamp="01 Jul 2020 16:21:33 GMT" time="56.129" errors="0">
  <testcase name="insertbankmstr" time="6.260" classname="com.systech.tradewinds.sdms.Test.BankmasterTest"/>
  <testcase name="insertbankmstr" time="5.996" classname="com.systech.tradewinds.sdms.Test.BankmasterTest"/>
  <testcase name="insertbankmstr" time="6.271" classname="com.systech.tradewinds.sdms.Test.BankmasterTest"/>
  <testcase name="insertbankmstr" time="6.545" classname="com.systech.tradewinds.sdms.Test.BankmasterTest"/>
  <testcase name="insertbankmstr" time="6.065" classname="com.systech.tradewinds.sdms.Test.BankmasterTest"/>
  <testcase name="insertbankmstr" time="6.206" classname="com.systech.tradewinds.sdms.Test.BankmasterTest"/>
  <testcase name="insertbankmstr" time="6.426" classname="com.systech.tradewinds.sdms.Test.BankmasterTest"/>
  <testcase name="insertbankmstr" time="6.186" classname="com.systech.tradewinds.sdms.Test.BankmasterTest"/>
  <testcase name="insertbankmstr" time="6.174" classname="com.systech.tradewinds.sdms.Test.BankmasterTest"/>
</testsuite> <!-- com.systech.tradewinds.sdms.Test.BankmasterTest -->
