<?xml version="1.0" encoding="UTF-8"?>
<!-- Generated by org.testng.reporters.JUnitReportReporter -->
<testsuite skipped="0" hostname="Sathya" name="com.systech.tradewinds.sdms.Test.CurrencyMasterTest" tests="5" failures="0" timestamp="02 Jul 2020 12:57:59 GMT" time="107.430" errors="0">
  <testcase name="insertCurrencyMaster" time="21.345" classname="com.systech.tradewinds.sdms.Test.CurrencyMasterTest"/>
  <testcase name="insertCurrencyMaster" time="21.527" classname="com.systech.tradewinds.sdms.Test.CurrencyMasterTest"/>
  <testcase name="insertCurrencyMaster" time="21.772" classname="com.systech.tradewinds.sdms.Test.CurrencyMasterTest"/>
  <testcase name="insertCurrencyMaster" time="21.439" classname="com.systech.tradewinds.sdms.Test.CurrencyMasterTest"/>
  <testcase name="insertCurrencyMaster" time="21.347" classname="com.systech.tradewinds.sdms.Test.CurrencyMasterTest"/>
</testsuite> <!-- com.systech.tradewinds.sdms.Test.CurrencyMasterTest -->
