<?xml version="1.0" encoding="UTF-8"?>
<!-- Generated by org.testng.reporters.JUnitReportReporter -->
<testsuite skipped="1" hostname="Sathya" name="com.systech.tradewinds.sdms.Test.ProfileTypeTest" tests="1" failures="0" timestamp="13 May 2020 14:14:05 GMT" time="0.000" errors="0">
  <testcase name="insertprofileTypeMaster" time="0.000" classname="com.systech.tradewinds.sdms.Test.ProfileTypeTest">
    <skipped/>
  </testcase> <!-- insertprofileTypeMaster -->
</testsuite> <!-- com.systech.tradewinds.sdms.Test.ProfileTypeTest -->
