<?xml version="1.0" encoding="UTF-8"?>
<!-- Generated by org.testng.reporters.JUnitReportReporter -->
<testsuite skipped="0" hostname="Sathya" name="com.systech.tradewinds.sdms.Test.ServiceMasterTest" tests="16" failures="0" timestamp="04 Aug 2020 16:49:43 GMT" time="137.813" errors="0">
  <testcase name="inserServiceItem" time="0.007" classname="com.systech.tradewinds.sdms.Test.ServiceMasterTest"/>
  <testcase name="inserServiceItem" time="0.012" classname="com.systech.tradewinds.sdms.Test.ServiceMasterTest"/>
  <testcase name="inserServiceItem" time="0.008" classname="com.systech.tradewinds.sdms.Test.ServiceMasterTest"/>
  <testcase name="inserServiceItem" time="0.022" classname="com.systech.tradewinds.sdms.Test.ServiceMasterTest"/>
  <testcase name="inserServiceItem" time="0.009" classname="com.systech.tradewinds.sdms.Test.ServiceMasterTest"/>
  <testcase name="inserServiceItem" time="0.010" classname="com.systech.tradewinds.sdms.Test.ServiceMasterTest"/>
  <testcase name="inserServiceItem" time="0.010" classname="com.systech.tradewinds.sdms.Test.ServiceMasterTest"/>
  <testcase name="inserServiceItem" time="0.019" classname="com.systech.tradewinds.sdms.Test.ServiceMasterTest"/>
  <testcase name="inserServiceItem" time="0.012" classname="com.systech.tradewinds.sdms.Test.ServiceMasterTest"/>
  <testcase name="inserServiceItem" time="137.646" classname="com.systech.tradewinds.sdms.Test.ServiceMasterTest"/>
  <testcase name="inserServiceItem" time="0.008" classname="com.systech.tradewinds.sdms.Test.ServiceMasterTest"/>
  <testcase name="inserServiceItem" time="0.011" classname="com.systech.tradewinds.sdms.Test.ServiceMasterTest"/>
  <testcase name="inserServiceItem" time="0.010" classname="com.systech.tradewinds.sdms.Test.ServiceMasterTest"/>
  <testcase name="inserServiceItem" time="0.009" classname="com.systech.tradewinds.sdms.Test.ServiceMasterTest"/>
  <testcase name="inserServiceItem" time="0.013" classname="com.systech.tradewinds.sdms.Test.ServiceMasterTest"/>
  <testcase name="inserServiceItem" time="0.007" classname="com.systech.tradewinds.sdms.Test.ServiceMasterTest"/>
</testsuite> <!-- com.systech.tradewinds.sdms.Test.ServiceMasterTest -->
