<?xml version="1.0" encoding="UTF-8"?>
<!-- Generated by org.testng.reporters.JUnitReportReporter -->
<testsuite skipped="0" hostname="Sathya" name="com.systech.tradewinds.sdms.Test.EmployeeGroupTest" tests="6" failures="0" timestamp="02 Jul 2020 14:08:43 GMT" time="67.802" errors="0">
  <testcase name="insertEmpGroupData" time="11.303" classname="com.systech.tradewinds.sdms.Test.EmployeeGroupTest"/>
  <testcase name="insertEmpGroupData" time="11.293" classname="com.systech.tradewinds.sdms.Test.EmployeeGroupTest"/>
  <testcase name="insertEmpGroupData" time="11.319" classname="com.systech.tradewinds.sdms.Test.EmployeeGroupTest"/>
  <testcase name="insertEmpGroupData" time="11.094" classname="com.systech.tradewinds.sdms.Test.EmployeeGroupTest"/>
  <testcase name="insertEmpGroupData" time="10.886" classname="com.systech.tradewinds.sdms.Test.EmployeeGroupTest"/>
  <testcase name="insertEmpGroupData" time="11.907" classname="com.systech.tradewinds.sdms.Test.EmployeeGroupTest"/>
</testsuite> <!-- com.systech.tradewinds.sdms.Test.EmployeeGroupTest -->
