<?xml version="1.0" encoding="UTF-8"?>
<!-- Generated by org.testng.reporters.JUnitReportReporter -->
<testsuite skipped="0" hostname="Sathya" name="com.systech.tradewinds.sdms.Test.DemoTest" tests="1" failures="0" timestamp="29 Jul 2020 16:58:55 GMT" time="9.093" errors="0">
  <testcase name="upload" time="9.093" classname="com.systech.tradewinds.sdms.Test.DemoTest"/>
</testsuite> <!-- com.systech.tradewinds.sdms.Test.DemoTest -->
